----------------------------------------------------------------
2021-11-15 14:23:11.306 GMT:
 Booting Derby version The Apache Software Foundation - Apache Derby - 10.5.3.0 - (802917): instance a816c00e-017d-23fa-fd4e-00003c931b79
on database directory Z:\ide-4.7-workspace\.metadata\.plugins\com.qnx.tools.ide.mat.core\MAT41213  

Database Class Loader started - derby.database.classpath=''
----------------------------------------------------------------
2021-11-15 14:23:55.934 GMT:
 Booting Derby version The Apache Software Foundation - Apache Derby - 10.5.3.0 - (802917): instance 65548115-017d-23fa-fd4e-00003c931b79
on database directory Z:\ide-4.7-workspace\.metadata\.plugins\com.qnx.tools.ide.mat.core\MAT41215  

Database Class Loader started - derby.database.classpath=''
----------------------------------------------------------------
2021-11-15 14:24:37.147 GMT:
 Booting Derby version The Apache Software Foundation - Apache Derby - 10.5.3.0 - (802917): instance 579782d4-017d-23fa-fd4e-00003c931b79
on database directory Z:\ide-4.7-workspace\.metadata\.plugins\com.qnx.tools.ide.mat.core\MAT41217  

Database Class Loader started - derby.database.classpath=''
----------------------------------------------------------------
2021-11-15 14:27:39.802 GMT:
 Booting Derby version The Apache Software Foundation - Apache Derby - 10.5.3.0 - (802917): instance 4b110449-017d-23fa-fd4e-00003c931b79
on database directory Z:\ide-4.7-workspace\.metadata\.plugins\com.qnx.tools.ide.mat.core\MAT41219  

Database Class Loader started - derby.database.classpath=''
----------------------------------------------------------------
2021-11-15 14:28:24.764 GMT:
 Booting Derby version The Apache Software Foundation - Apache Derby - 10.5.3.0 - (802917): instance 026a05b0-017d-23fa-fd4e-00003c931b79
on database directory Z:\ide-4.7-workspace\.metadata\.plugins\com.qnx.tools.ide.mat.core\MAT41221  

Database Class Loader started - derby.database.classpath=''
----------------------------------------------------------------
2021-11-15 19:10:53.597 GMT:
 Booting Derby version The Apache Software Foundation - Apache Derby - 10.5.3.0 - (802917): instance 279f4717-017d-23fa-fd4e-00003c931b79
on database directory Z:\ide-4.7-workspace\.metadata\.plugins\com.qnx.tools.ide.mat.core\MAT41223  

Database Class Loader started - derby.database.classpath=''
----------------------------------------------------------------
2021-11-15 19:17:42.038 GMT:
 Booting Derby version The Apache Software Foundation - Apache Derby - 10.5.3.0 - (802917): instance 581a0830-017d-23fa-fd4e-00003c931b79
on database directory Z:\ide-4.7-workspace\.metadata\.plugins\com.qnx.tools.ide.mat.core\MAT41225  

Database Class Loader started - derby.database.classpath=''
